-------------------------------------------------------------------------------
Test set: org.dplib.FileHandlerTest
-------------------------------------------------------------------------------
Tests run: 4, Failures: 0, Errors: 1, Skipped: 0, Time elapsed: 0.059 sec <<< FAILURE!
test_deserializeModelFile(org.dplib.FileHandlerTest)  Time elapsed: 0.047 sec  <<< ERROR!
java.lang.Error: java.io.InvalidClassException: org.dplib.Model; local class incompatible: stream classdesc serialVersionUID = -1334492846861180281, local class serialVersionUID = -6889237387358540525
	at org.dplib.FileHandler.deserializeModelFile(FileHandler.java:115)
	at org.dplib.FileHandlerTest.test_deserializeModelFile(FileHandlerTest.java:96)
	at sun.reflect.NativeMethodAccessorImpl.invoke0(Native Method)
	at sun.reflect.NativeMethodAccessorImpl.invoke(NativeMethodAccessorImpl.java:62)
	at sun.reflect.DelegatingMethodAccessorImpl.invoke(DelegatingMethodAccessorImpl.java:43)
	at java.lang.reflect.Method.invoke(Method.java:498)
	at junit.framework.TestCase.runTest(TestCase.java:176)
	at junit.framework.TestCase.runBare(TestCase.java:141)
	at junit.framework.TestResult$1.protect(TestResult.java:122)
	at junit.framework.TestResult.runProtected(TestResult.java:142)
	at junit.framework.TestResult.run(TestResult.java:125)
	at junit.framework.TestCase.run(TestCase.java:129)
	at junit.framework.TestSuite.runTest(TestSuite.java:252)
	at junit.framework.TestSuite.run(TestSuite.java:247)
	at org.junit.internal.runners.JUnit38ClassRunner.run(JUnit38ClassRunner.java:86)
	at org.apache.maven.surefire.junit4.JUnit4TestSet.execute(JUnit4TestSet.java:53)
	at org.apache.maven.surefire.junit4.JUnit4Provider.executeTestSet(JUnit4Provider.java:123)
	at org.apache.maven.surefire.junit4.JUnit4Provider.invoke(JUnit4Provider.java:104)
	at sun.reflect.NativeMethodAccessorImpl.invoke0(Native Method)
	at sun.reflect.NativeMethodAccessorImpl.invoke(NativeMethodAccessorImpl.java:62)
	at sun.reflect.DelegatingMethodAccessorImpl.invoke(DelegatingMethodAccessorImpl.java:43)
	at java.lang.reflect.Method.invoke(Method.java:498)
	at org.apache.maven.surefire.util.ReflectionUtils.invokeMethodWithArray(ReflectionUtils.java:164)
	at org.apache.maven.surefire.booter.ProviderFactory$ProviderProxy.invoke(ProviderFactory.java:110)
	at org.apache.maven.surefire.booter.SurefireStarter.invokeProvider(SurefireStarter.java:175)
	at org.apache.maven.surefire.booter.SurefireStarter.runSuitesInProcessWhenForked(SurefireStarter.java:107)
	at org.apache.maven.surefire.booter.ForkedBooter.main(ForkedBooter.java:68)
Caused by: java.io.InvalidClassException: org.dplib.Model; local class incompatible: stream classdesc serialVersionUID = -1334492846861180281, local class serialVersionUID = -6889237387358540525
	at java.io.ObjectStreamClass.initNonProxy(ObjectStreamClass.java:616)
	at java.io.ObjectInputStream.readNonProxyDesc(ObjectInputStream.java:1630)
	at java.io.ObjectInputStream.readClassDesc(ObjectInputStream.java:1521)
	at java.io.ObjectInputStream.readOrdinaryObject(ObjectInputStream.java:1781)
	at java.io.ObjectInputStream.readObject0(ObjectInputStream.java:1353)
	at java.io.ObjectInputStream.readObject(ObjectInputStream.java:373)
	at org.dplib.FileHandler.deserializeModelFile(FileHandler.java:109)
	... 26 more
